[2019-11-03T09:20:23Z] DEBUG    - Logging set up successfully
[2019-11-03T09:20:23Z] DEBUG    - Root directory: /Users/idan.kinory/Development/spotinst-uluru-provider/spotinst-elastigroup-group
[2019-11-03T09:20:23Z] DEBUG    - Loading project file '/Users/idan.kinory/Development/spotinst-uluru-provider/spotinst-elastigroup-group/.rpdk-config'
[2019-11-03T09:20:24Z] INFO     - Validating your resource specification...
[2019-11-03T09:20:24Z] DEBUG    - Resource specification not found.
Traceback (most recent call last):
  File "/Users/idan.kinory/Development/uluru_resource_provider/env/lib/python3.7/site-packages/rpdk/core/project.py", line 208, in load
    self.load_schema()
  File "/Users/idan.kinory/Development/uluru_resource_provider/env/lib/python3.7/site-packages/rpdk/core/project.py", line 170, in load_schema
    with self.schema_path.open("r", encoding="utf-8") as f:
  File "/usr/local/Cellar/python/3.7.4_1/Frameworks/Python.framework/Versions/3.7/lib/python3.7/pathlib.py", line 1193, in open
    opener=self._opener)
  File "/usr/local/Cellar/python/3.7.4_1/Frameworks/Python.framework/Versions/3.7/lib/python3.7/pathlib.py", line 1046, in _opener
    return self._accessor.open(self, flags, mode)
FileNotFoundError: [Errno 2] No such file or directory: '/Users/idan.kinory/Development/spotinst-uluru-provider/spotinst-elastigroup-group/spotinst-elastigroup-group.json'
[2019-11-03T09:20:24Z] DEBUG    - Caught exit recommendation
Traceback (most recent call last):
  File "/Users/idan.kinory/Development/uluru_resource_provider/env/lib/python3.7/site-packages/rpdk/core/project.py", line 208, in load
    self.load_schema()
  File "/Users/idan.kinory/Development/uluru_resource_provider/env/lib/python3.7/site-packages/rpdk/core/project.py", line 170, in load_schema
    with self.schema_path.open("r", encoding="utf-8") as f:
  File "/usr/local/Cellar/python/3.7.4_1/Frameworks/Python.framework/Versions/3.7/lib/python3.7/pathlib.py", line 1193, in open
    opener=self._opener)
  File "/usr/local/Cellar/python/3.7.4_1/Frameworks/Python.framework/Versions/3.7/lib/python3.7/pathlib.py", line 1046, in _opener
    return self._accessor.open(self, flags, mode)
FileNotFoundError: [Errno 2] No such file or directory: '/Users/idan.kinory/Development/spotinst-uluru-provider/spotinst-elastigroup-group/spotinst-elastigroup-group.json'

The above exception was the direct cause of the following exception:

Traceback (most recent call last):
  File "/Users/idan.kinory/Development/uluru_resource_provider/env/lib/python3.7/site-packages/rpdk/core/cli.py", line 95, in main
    args.command(args)
  File "/Users/idan.kinory/Development/uluru_resource_provider/env/lib/python3.7/site-packages/rpdk/core/generate.py", line 14, in generate
    project.load()
  File "/Users/idan.kinory/Development/uluru_resource_provider/env/lib/python3.7/site-packages/rpdk/core/project.py", line 210, in load
    self._raise_invalid_project("Resource specification not found.", e)
  File "/Users/idan.kinory/Development/uluru_resource_provider/env/lib/python3.7/site-packages/rpdk/core/project.py", line 95, in _raise_invalid_project
    raise InvalidProjectError(msg) from e
rpdk.core.exceptions.InvalidProjectError: Resource specification not found.
[2019-11-03T09:20:24Z] CRITICAL - Resource specification not found.
[2019-11-03T09:20:47Z] DEBUG    - Logging set up successfully
[2019-11-03T09:20:47Z] DEBUG    - Root directory: /Users/idan.kinory/Development/spotinst-uluru-provider/spotinst-elastigroup-group
[2019-11-03T09:20:47Z] DEBUG    - Loading project file '/Users/idan.kinory/Development/spotinst-uluru-provider/spotinst-elastigroup-group/.rpdk-config'
[2019-11-03T09:20:47Z] INFO     - Validating your resource specification...
[2019-11-03T09:20:47Z] DEBUG    - Resource specification not found.
Traceback (most recent call last):
  File "/Users/idan.kinory/Development/uluru_resource_provider/env/lib/python3.7/site-packages/rpdk/core/project.py", line 208, in load
    self.load_schema()
  File "/Users/idan.kinory/Development/uluru_resource_provider/env/lib/python3.7/site-packages/rpdk/core/project.py", line 170, in load_schema
    with self.schema_path.open("r", encoding="utf-8") as f:
  File "/usr/local/Cellar/python/3.7.4_1/Frameworks/Python.framework/Versions/3.7/lib/python3.7/pathlib.py", line 1193, in open
    opener=self._opener)
  File "/usr/local/Cellar/python/3.7.4_1/Frameworks/Python.framework/Versions/3.7/lib/python3.7/pathlib.py", line 1046, in _opener
    return self._accessor.open(self, flags, mode)
FileNotFoundError: [Errno 2] No such file or directory: '/Users/idan.kinory/Development/spotinst-uluru-provider/spotinst-elastigroup-group/spotinst-elastigroup-group.json'
[2019-11-03T09:20:47Z] DEBUG    - Caught exit recommendation
Traceback (most recent call last):
  File "/Users/idan.kinory/Development/uluru_resource_provider/env/lib/python3.7/site-packages/rpdk/core/project.py", line 208, in load
    self.load_schema()
  File "/Users/idan.kinory/Development/uluru_resource_provider/env/lib/python3.7/site-packages/rpdk/core/project.py", line 170, in load_schema
    with self.schema_path.open("r", encoding="utf-8") as f:
  File "/usr/local/Cellar/python/3.7.4_1/Frameworks/Python.framework/Versions/3.7/lib/python3.7/pathlib.py", line 1193, in open
    opener=self._opener)
  File "/usr/local/Cellar/python/3.7.4_1/Frameworks/Python.framework/Versions/3.7/lib/python3.7/pathlib.py", line 1046, in _opener
    return self._accessor.open(self, flags, mode)
FileNotFoundError: [Errno 2] No such file or directory: '/Users/idan.kinory/Development/spotinst-uluru-provider/spotinst-elastigroup-group/spotinst-elastigroup-group.json'

The above exception was the direct cause of the following exception:

Traceback (most recent call last):
  File "/Users/idan.kinory/Development/uluru_resource_provider/env/lib/python3.7/site-packages/rpdk/core/cli.py", line 95, in main
    args.command(args)
  File "/Users/idan.kinory/Development/uluru_resource_provider/env/lib/python3.7/site-packages/rpdk/core/generate.py", line 14, in generate
    project.load()
  File "/Users/idan.kinory/Development/uluru_resource_provider/env/lib/python3.7/site-packages/rpdk/core/project.py", line 210, in load
    self._raise_invalid_project("Resource specification not found.", e)
  File "/Users/idan.kinory/Development/uluru_resource_provider/env/lib/python3.7/site-packages/rpdk/core/project.py", line 95, in _raise_invalid_project
    raise InvalidProjectError(msg) from e
rpdk.core.exceptions.InvalidProjectError: Resource specification not found.
[2019-11-03T09:20:47Z] CRITICAL - Resource specification not found.
[2019-11-03T09:21:31Z] DEBUG    - Logging set up successfully
[2019-11-03T09:21:31Z] DEBUG    - Root directory: /Users/idan.kinory/Development/spotinst-uluru-provider/spotinst-elastigroup-group
[2019-11-03T09:21:31Z] DEBUG    - Loading project file '/Users/idan.kinory/Development/spotinst-uluru-provider/spotinst-elastigroup-group/.rpdk-config'
[2019-11-03T09:21:31Z] INFO     - Validating your resource specification...
[2019-11-03T09:21:32Z] DEBUG    - Resolved '#/definitions/Attribute' to 'file:///Users/idan.kinory/Development/spotinst-uluru-provider/spotinst-elastigroup-group/spotinst-elastigroup-group.json#/definitions/Attribute'
[2019-11-03T09:21:32Z] DEBUG    - Parsed 'file:///Users/idan.kinory/Development/spotinst-uluru-provider/spotinst-elastigroup-group/spotinst-elastigroup-group.json#/definitions/Attribute' to '(<BASE>, 'definitions', 'Attribute')'
[2019-11-03T09:21:32Z] DEBUG    - Edge from '(<BASE>, 'definitions', 'ecs', 'properties', 'autoScale', 'properties', 'attributes', 'items')' to '(<BASE>, 'definitions', 'Attribute')'
[2019-11-03T09:21:32Z] DEBUG    - Resolved '#/definitions/Tag' to 'file:///Users/idan.kinory/Development/spotinst-uluru-provider/spotinst-elastigroup-group/spotinst-elastigroup-group.json#/definitions/Tag'
[2019-11-03T09:21:32Z] DEBUG    - Parsed 'file:///Users/idan.kinory/Development/spotinst-uluru-provider/spotinst-elastigroup-group/spotinst-elastigroup-group.json#/definitions/Tag' to '(<BASE>, 'definitions', 'Tag')'
[2019-11-03T09:21:32Z] DEBUG    - Edge from '(<BASE>, 'properties', 'group', 'properties', 'compute', 'properties', 'launchSpecification', 'properties', 'tags', 'items')' to '(<BASE>, 'definitions', 'Tag')'
[2019-11-03T09:21:32Z] DEBUG    - Resolved '#/definitions/BlockDeviceMapping' to 'file:///Users/idan.kinory/Development/spotinst-uluru-provider/spotinst-elastigroup-group/spotinst-elastigroup-group.json#/definitions/BlockDeviceMapping'
[2019-11-03T09:21:32Z] DEBUG    - Parsed 'file:///Users/idan.kinory/Development/spotinst-uluru-provider/spotinst-elastigroup-group/spotinst-elastigroup-group.json#/definitions/BlockDeviceMapping' to '(<BASE>, 'definitions', 'BlockDeviceMapping')'
[2019-11-03T09:21:32Z] DEBUG    - Edge from '(<BASE>, 'properties', 'group', 'properties', 'compute', 'properties', 'launchSpecification', 'properties', 'blockDeviceMappings', 'items')' to '(<BASE>, 'definitions', 'BlockDeviceMapping')'
[2019-11-03T09:21:32Z] DEBUG    - Resolved '#/definitions/ScalingPolicy' to 'file:///Users/idan.kinory/Development/spotinst-uluru-provider/spotinst-elastigroup-group/spotinst-elastigroup-group.json#/definitions/ScalingPolicy'
[2019-11-03T09:21:32Z] DEBUG    - Parsed 'file:///Users/idan.kinory/Development/spotinst-uluru-provider/spotinst-elastigroup-group/spotinst-elastigroup-group.json#/definitions/ScalingPolicy' to '(<BASE>, 'definitions', 'ScalingPolicy')'
[2019-11-03T09:21:32Z] DEBUG    - Edge from '(<BASE>, 'properties', 'group', 'properties', 'scaling', 'properties', 'up', 'items')' to '(<BASE>, 'definitions', 'ScalingPolicy')'
[2019-11-03T09:21:32Z] DEBUG    - Resolved '#/definitions/ScalingPolicy' to 'file:///Users/idan.kinory/Development/spotinst-uluru-provider/spotinst-elastigroup-group/spotinst-elastigroup-group.json#/definitions/ScalingPolicy'
[2019-11-03T09:21:32Z] DEBUG    - Parsed 'file:///Users/idan.kinory/Development/spotinst-uluru-provider/spotinst-elastigroup-group/spotinst-elastigroup-group.json#/definitions/ScalingPolicy' to '(<BASE>, 'definitions', 'ScalingPolicy')'
[2019-11-03T09:21:32Z] DEBUG    - Edge from '(<BASE>, 'properties', 'group', 'properties', 'scaling', 'properties', 'down', 'items')' to '(<BASE>, 'definitions', 'ScalingPolicy')'
[2019-11-03T09:21:32Z] DEBUG    - Resolved '#/definitions/ecs' to 'file:///Users/idan.kinory/Development/spotinst-uluru-provider/spotinst-elastigroup-group/spotinst-elastigroup-group.json#/definitions/ecs'
[2019-11-03T09:21:32Z] DEBUG    - Parsed 'file:///Users/idan.kinory/Development/spotinst-uluru-provider/spotinst-elastigroup-group/spotinst-elastigroup-group.json#/definitions/ecs' to '(<BASE>, 'definitions', 'ecs')'
[2019-11-03T09:21:32Z] DEBUG    - Edge from '(<BASE>, 'properties', 'group', 'properties', 'thirdPartiesIntegration', 'properties', 'ecs')' to '(<BASE>, 'definitions', 'ecs')'
[2019-11-03T09:21:32Z] DEBUG    - Already visited '(<BASE>, 'definitions', 'ecs', 'properties', 'autoScale', 'properties', 'attributes', 'items')' (#/definitions/Attribute)
[2019-11-03T09:21:32Z] DEBUG    - Resolved '#/definitions/Task' to 'file:///Users/idan.kinory/Development/spotinst-uluru-provider/spotinst-elastigroup-group/spotinst-elastigroup-group.json#/definitions/Task'
[2019-11-03T09:21:32Z] DEBUG    - Parsed 'file:///Users/idan.kinory/Development/spotinst-uluru-provider/spotinst-elastigroup-group/spotinst-elastigroup-group.json#/definitions/Task' to '(<BASE>, 'definitions', 'Task')'
[2019-11-03T09:21:32Z] DEBUG    - Edge from '(<BASE>, 'properties', 'group', 'properties', 'scheduling', 'properties', 'tasks', 'items')' to '(<BASE>, 'definitions', 'Task')'
[2019-11-03T09:21:32Z] DEBUG    - Rewriting refs in '<BASE>' (file:///Users/idan.kinory/Development/spotinst-uluru-provider/spotinst-elastigroup-group/spotinst-elastigroup-group.json)
[2019-11-03T09:21:32Z] DEBUG    -   '#/definitions/Attribute' -> '#/definitions/Attribute'
[2019-11-03T09:21:32Z] DEBUG    -   '#/definitions/Tag' -> '#/definitions/Tag'
[2019-11-03T09:21:32Z] DEBUG    -   '#/definitions/BlockDeviceMapping' -> '#/definitions/BlockDeviceMapping'
[2019-11-03T09:21:32Z] DEBUG    -   '#/definitions/ScalingPolicy' -> '#/definitions/ScalingPolicy'
[2019-11-03T09:21:32Z] DEBUG    -   '#/definitions/ScalingPolicy' -> '#/definitions/ScalingPolicy'
[2019-11-03T09:21:32Z] DEBUG    -   '#/definitions/ecs' -> '#/definitions/ecs'
[2019-11-03T09:21:32Z] DEBUG    -   '#/definitions/Task' -> '#/definitions/Task'
[2019-11-03T09:21:32Z] DEBUG    - Generate started
[2019-11-03T09:21:32Z] DEBUG    - Removing generated sources: /Users/idan.kinory/Development/spotinst-uluru-provider/spotinst-elastigroup-group/target/generated-sources/rpdk
[2019-11-03T09:21:32Z] DEBUG    - Removing generated tests: /Users/idan.kinory/Development/spotinst-uluru-provider/spotinst-elastigroup-group/target/generated-test-sources/rpdk
[2019-11-03T09:21:32Z] DEBUG    - Making generated folder structure: /Users/idan.kinory/Development/spotinst-uluru-provider/spotinst-elastigroup-group/target/generated-sources/rpdk/com/spotinst/elastigroup/group
[2019-11-03T09:21:32Z] DEBUG    - Making generated tests folder structure: /Users/idan.kinory/Development/spotinst-uluru-provider/spotinst-elastigroup-group/target/generated-test-sources/rpdk/com/spotinst/elastigroup/group
[2019-11-03T09:21:32Z] DEBUG    - Writing handler wrapper: /Users/idan.kinory/Development/spotinst-uluru-provider/spotinst-elastigroup-group/target/generated-sources/rpdk/com/spotinst/elastigroup/group/HandlerWrapper.java
[2019-11-03T09:21:32Z] DEBUG    - Overwriting '/Users/idan.kinory/Development/spotinst-uluru-provider/spotinst-elastigroup-group/target/generated-sources/rpdk/com/spotinst/elastigroup/group/HandlerWrapper.java'
[2019-11-03T09:21:32Z] DEBUG    - Writing base configuration: /Users/idan.kinory/Development/spotinst-uluru-provider/spotinst-elastigroup-group/target/generated-sources/rpdk/com/spotinst/elastigroup/group/BaseConfiguration.java
[2019-11-03T09:21:32Z] DEBUG    - Overwriting '/Users/idan.kinory/Development/spotinst-uluru-provider/spotinst-elastigroup-group/target/generated-sources/rpdk/com/spotinst/elastigroup/group/BaseConfiguration.java'
[2019-11-03T09:21:32Z] DEBUG    - Writing base handler: /Users/idan.kinory/Development/spotinst-uluru-provider/spotinst-elastigroup-group/target/generated-sources/rpdk/com/spotinst/elastigroup/group/BaseHandler.java
[2019-11-03T09:21:32Z] DEBUG    - Overwriting '/Users/idan.kinory/Development/spotinst-uluru-provider/spotinst-elastigroup-group/target/generated-sources/rpdk/com/spotinst/elastigroup/group/BaseHandler.java'
[2019-11-03T09:21:32Z] DEBUG    - Writing 28 POJOs
[2019-11-03T09:21:32Z] DEBUG    - ResourceModel POJO: /Users/idan.kinory/Development/spotinst-uluru-provider/spotinst-elastigroup-group/target/generated-sources/rpdk/com/spotinst/elastigroup/group/ResourceModel.java
[2019-11-03T09:21:32Z] DEBUG    - Overwriting '/Users/idan.kinory/Development/spotinst-uluru-provider/spotinst-elastigroup-group/target/generated-sources/rpdk/com/spotinst/elastigroup/group/ResourceModel.java'
[2019-11-03T09:21:32Z] DEBUG    - Credentials POJO: /Users/idan.kinory/Development/spotinst-uluru-provider/spotinst-elastigroup-group/target/generated-sources/rpdk/com/spotinst/elastigroup/group/Credentials.java
[2019-11-03T09:21:32Z] DEBUG    - Overwriting '/Users/idan.kinory/Development/spotinst-uluru-provider/spotinst-elastigroup-group/target/generated-sources/rpdk/com/spotinst/elastigroup/group/Credentials.java'
[2019-11-03T09:21:32Z] DEBUG    - Group POJO: /Users/idan.kinory/Development/spotinst-uluru-provider/spotinst-elastigroup-group/target/generated-sources/rpdk/com/spotinst/elastigroup/group/Group.java
[2019-11-03T09:21:32Z] DEBUG    - Overwriting '/Users/idan.kinory/Development/spotinst-uluru-provider/spotinst-elastigroup-group/target/generated-sources/rpdk/com/spotinst/elastigroup/group/Group.java'
[2019-11-03T09:21:32Z] DEBUG    - Strategy POJO: /Users/idan.kinory/Development/spotinst-uluru-provider/spotinst-elastigroup-group/target/generated-sources/rpdk/com/spotinst/elastigroup/group/Strategy.java
[2019-11-03T09:21:32Z] DEBUG    - Overwriting '/Users/idan.kinory/Development/spotinst-uluru-provider/spotinst-elastigroup-group/target/generated-sources/rpdk/com/spotinst/elastigroup/group/Strategy.java'
[2019-11-03T09:21:32Z] DEBUG    - RevertToSpot POJO: /Users/idan.kinory/Development/spotinst-uluru-provider/spotinst-elastigroup-group/target/generated-sources/rpdk/com/spotinst/elastigroup/group/RevertToSpot.java
[2019-11-03T09:21:32Z] DEBUG    - Overwriting '/Users/idan.kinory/Development/spotinst-uluru-provider/spotinst-elastigroup-group/target/generated-sources/rpdk/com/spotinst/elastigroup/group/RevertToSpot.java'
[2019-11-03T09:21:32Z] DEBUG    - Compute POJO: /Users/idan.kinory/Development/spotinst-uluru-provider/spotinst-elastigroup-group/target/generated-sources/rpdk/com/spotinst/elastigroup/group/Compute.java
[2019-11-03T09:21:32Z] DEBUG    - Overwriting '/Users/idan.kinory/Development/spotinst-uluru-provider/spotinst-elastigroup-group/target/generated-sources/rpdk/com/spotinst/elastigroup/group/Compute.java'
[2019-11-03T09:21:32Z] DEBUG    - InstanceTypes POJO: /Users/idan.kinory/Development/spotinst-uluru-provider/spotinst-elastigroup-group/target/generated-sources/rpdk/com/spotinst/elastigroup/group/InstanceTypes.java
[2019-11-03T09:21:32Z] DEBUG    - Overwriting '/Users/idan.kinory/Development/spotinst-uluru-provider/spotinst-elastigroup-group/target/generated-sources/rpdk/com/spotinst/elastigroup/group/InstanceTypes.java'
[2019-11-03T09:21:32Z] DEBUG    - AvailabilityZones POJO: /Users/idan.kinory/Development/spotinst-uluru-provider/spotinst-elastigroup-group/target/generated-sources/rpdk/com/spotinst/elastigroup/group/AvailabilityZones.java
[2019-11-03T09:21:32Z] DEBUG    - Overwriting '/Users/idan.kinory/Development/spotinst-uluru-provider/spotinst-elastigroup-group/target/generated-sources/rpdk/com/spotinst/elastigroup/group/AvailabilityZones.java'
[2019-11-03T09:21:32Z] DEBUG    - LaunchSpecification POJO: /Users/idan.kinory/Development/spotinst-uluru-provider/spotinst-elastigroup-group/target/generated-sources/rpdk/com/spotinst/elastigroup/group/LaunchSpecification.java
[2019-11-03T09:21:32Z] DEBUG    - Overwriting '/Users/idan.kinory/Development/spotinst-uluru-provider/spotinst-elastigroup-group/target/generated-sources/rpdk/com/spotinst/elastigroup/group/LaunchSpecification.java'
[2019-11-03T09:21:32Z] DEBUG    - Tag POJO: /Users/idan.kinory/Development/spotinst-uluru-provider/spotinst-elastigroup-group/target/generated-sources/rpdk/com/spotinst/elastigroup/group/Tag.java
[2019-11-03T09:21:32Z] DEBUG    - Overwriting '/Users/idan.kinory/Development/spotinst-uluru-provider/spotinst-elastigroup-group/target/generated-sources/rpdk/com/spotinst/elastigroup/group/Tag.java'
[2019-11-03T09:21:32Z] DEBUG    - BlockDeviceMapping POJO: /Users/idan.kinory/Development/spotinst-uluru-provider/spotinst-elastigroup-group/target/generated-sources/rpdk/com/spotinst/elastigroup/group/BlockDeviceMapping.java
[2019-11-03T09:21:32Z] DEBUG    - Overwriting '/Users/idan.kinory/Development/spotinst-uluru-provider/spotinst-elastigroup-group/target/generated-sources/rpdk/com/spotinst/elastigroup/group/BlockDeviceMapping.java'
[2019-11-03T09:21:32Z] DEBUG    - Ebs POJO: /Users/idan.kinory/Development/spotinst-uluru-provider/spotinst-elastigroup-group/target/generated-sources/rpdk/com/spotinst/elastigroup/group/Ebs.java
[2019-11-03T09:21:32Z] DEBUG    - Overwriting '/Users/idan.kinory/Development/spotinst-uluru-provider/spotinst-elastigroup-group/target/generated-sources/rpdk/com/spotinst/elastigroup/group/Ebs.java'
[2019-11-03T09:21:32Z] DEBUG    - IamRole POJO: /Users/idan.kinory/Development/spotinst-uluru-provider/spotinst-elastigroup-group/target/generated-sources/rpdk/com/spotinst/elastigroup/group/IamRole.java
[2019-11-03T09:21:32Z] DEBUG    - Overwriting '/Users/idan.kinory/Development/spotinst-uluru-provider/spotinst-elastigroup-group/target/generated-sources/rpdk/com/spotinst/elastigroup/group/IamRole.java'
[2019-11-03T09:21:32Z] DEBUG    - Capacity POJO: /Users/idan.kinory/Development/spotinst-uluru-provider/spotinst-elastigroup-group/target/generated-sources/rpdk/com/spotinst/elastigroup/group/Capacity.java
[2019-11-03T09:21:32Z] DEBUG    - Overwriting '/Users/idan.kinory/Development/spotinst-uluru-provider/spotinst-elastigroup-group/target/generated-sources/rpdk/com/spotinst/elastigroup/group/Capacity.java'
[2019-11-03T09:21:32Z] DEBUG    - Scaling POJO: /Users/idan.kinory/Development/spotinst-uluru-provider/spotinst-elastigroup-group/target/generated-sources/rpdk/com/spotinst/elastigroup/group/Scaling.java
[2019-11-03T09:21:32Z] DEBUG    - Overwriting '/Users/idan.kinory/Development/spotinst-uluru-provider/spotinst-elastigroup-group/target/generated-sources/rpdk/com/spotinst/elastigroup/group/Scaling.java'
[2019-11-03T09:21:32Z] DEBUG    - ScalingPolicy POJO: /Users/idan.kinory/Development/spotinst-uluru-provider/spotinst-elastigroup-group/target/generated-sources/rpdk/com/spotinst/elastigroup/group/ScalingPolicy.java
[2019-11-03T09:21:32Z] DEBUG    - Overwriting '/Users/idan.kinory/Development/spotinst-uluru-provider/spotinst-elastigroup-group/target/generated-sources/rpdk/com/spotinst/elastigroup/group/ScalingPolicy.java'
[2019-11-03T09:21:32Z] DEBUG    - Dimension POJO: /Users/idan.kinory/Development/spotinst-uluru-provider/spotinst-elastigroup-group/target/generated-sources/rpdk/com/spotinst/elastigroup/group/Dimension.java
[2019-11-03T09:21:32Z] DEBUG    - Overwriting '/Users/idan.kinory/Development/spotinst-uluru-provider/spotinst-elastigroup-group/target/generated-sources/rpdk/com/spotinst/elastigroup/group/Dimension.java'
[2019-11-03T09:21:32Z] DEBUG    - Action POJO: /Users/idan.kinory/Development/spotinst-uluru-provider/spotinst-elastigroup-group/target/generated-sources/rpdk/com/spotinst/elastigroup/group/Action.java
[2019-11-03T09:21:32Z] DEBUG    - Overwriting '/Users/idan.kinory/Development/spotinst-uluru-provider/spotinst-elastigroup-group/target/generated-sources/rpdk/com/spotinst/elastigroup/group/Action.java'
[2019-11-03T09:21:32Z] DEBUG    - ThirdPartiesIntegration POJO: /Users/idan.kinory/Development/spotinst-uluru-provider/spotinst-elastigroup-group/target/generated-sources/rpdk/com/spotinst/elastigroup/group/ThirdPartiesIntegration.java
[2019-11-03T09:21:32Z] DEBUG    - Overwriting '/Users/idan.kinory/Development/spotinst-uluru-provider/spotinst-elastigroup-group/target/generated-sources/rpdk/com/spotinst/elastigroup/group/ThirdPartiesIntegration.java'
[2019-11-03T09:21:32Z] DEBUG    - Ecs POJO: /Users/idan.kinory/Development/spotinst-uluru-provider/spotinst-elastigroup-group/target/generated-sources/rpdk/com/spotinst/elastigroup/group/Ecs.java
[2019-11-03T09:21:32Z] DEBUG    - Overwriting '/Users/idan.kinory/Development/spotinst-uluru-provider/spotinst-elastigroup-group/target/generated-sources/rpdk/com/spotinst/elastigroup/group/Ecs.java'
[2019-11-03T09:21:32Z] DEBUG    - AutoScale POJO: /Users/idan.kinory/Development/spotinst-uluru-provider/spotinst-elastigroup-group/target/generated-sources/rpdk/com/spotinst/elastigroup/group/AutoScale.java
[2019-11-03T09:21:32Z] DEBUG    - Overwriting '/Users/idan.kinory/Development/spotinst-uluru-provider/spotinst-elastigroup-group/target/generated-sources/rpdk/com/spotinst/elastigroup/group/AutoScale.java'
[2019-11-03T09:21:32Z] DEBUG    - Headroom POJO: /Users/idan.kinory/Development/spotinst-uluru-provider/spotinst-elastigroup-group/target/generated-sources/rpdk/com/spotinst/elastigroup/group/Headroom.java
[2019-11-03T09:21:32Z] DEBUG    - Overwriting '/Users/idan.kinory/Development/spotinst-uluru-provider/spotinst-elastigroup-group/target/generated-sources/rpdk/com/spotinst/elastigroup/group/Headroom.java'
[2019-11-03T09:21:32Z] DEBUG    - Down POJO: /Users/idan.kinory/Development/spotinst-uluru-provider/spotinst-elastigroup-group/target/generated-sources/rpdk/com/spotinst/elastigroup/group/Down.java
[2019-11-03T09:21:32Z] DEBUG    - Overwriting '/Users/idan.kinory/Development/spotinst-uluru-provider/spotinst-elastigroup-group/target/generated-sources/rpdk/com/spotinst/elastigroup/group/Down.java'
[2019-11-03T09:21:32Z] DEBUG    - Attribute POJO: /Users/idan.kinory/Development/spotinst-uluru-provider/spotinst-elastigroup-group/target/generated-sources/rpdk/com/spotinst/elastigroup/group/Attribute.java
[2019-11-03T09:21:32Z] DEBUG    - Overwriting '/Users/idan.kinory/Development/spotinst-uluru-provider/spotinst-elastigroup-group/target/generated-sources/rpdk/com/spotinst/elastigroup/group/Attribute.java'
[2019-11-03T09:21:32Z] DEBUG    - Batch POJO: /Users/idan.kinory/Development/spotinst-uluru-provider/spotinst-elastigroup-group/target/generated-sources/rpdk/com/spotinst/elastigroup/group/Batch.java
[2019-11-03T09:21:32Z] DEBUG    - Overwriting '/Users/idan.kinory/Development/spotinst-uluru-provider/spotinst-elastigroup-group/target/generated-sources/rpdk/com/spotinst/elastigroup/group/Batch.java'
[2019-11-03T09:21:32Z] DEBUG    - OptimizeImages POJO: /Users/idan.kinory/Development/spotinst-uluru-provider/spotinst-elastigroup-group/target/generated-sources/rpdk/com/spotinst/elastigroup/group/OptimizeImages.java
[2019-11-03T09:21:32Z] DEBUG    - Overwriting '/Users/idan.kinory/Development/spotinst-uluru-provider/spotinst-elastigroup-group/target/generated-sources/rpdk/com/spotinst/elastigroup/group/OptimizeImages.java'
[2019-11-03T09:21:32Z] DEBUG    - Scheduling POJO: /Users/idan.kinory/Development/spotinst-uluru-provider/spotinst-elastigroup-group/target/generated-sources/rpdk/com/spotinst/elastigroup/group/Scheduling.java
[2019-11-03T09:21:32Z] DEBUG    - Overwriting '/Users/idan.kinory/Development/spotinst-uluru-provider/spotinst-elastigroup-group/target/generated-sources/rpdk/com/spotinst/elastigroup/group/Scheduling.java'
[2019-11-03T09:21:32Z] DEBUG    - Task POJO: /Users/idan.kinory/Development/spotinst-uluru-provider/spotinst-elastigroup-group/target/generated-sources/rpdk/com/spotinst/elastigroup/group/Task.java
[2019-11-03T09:21:32Z] DEBUG    - Overwriting '/Users/idan.kinory/Development/spotinst-uluru-provider/spotinst-elastigroup-group/target/generated-sources/rpdk/com/spotinst/elastigroup/group/Task.java'
[2019-11-03T09:21:32Z] DEBUG    - Writing ResourceModelTest: /Users/idan.kinory/Development/spotinst-uluru-provider/spotinst-elastigroup-group/target/generated-test-sources/rpdk/com/spotinst/elastigroup/group/ResourceModelTest.java
[2019-11-03T09:21:32Z] DEBUG    - Overwriting '/Users/idan.kinory/Development/spotinst-uluru-provider/spotinst-elastigroup-group/target/generated-test-sources/rpdk/com/spotinst/elastigroup/group/ResourceModelTest.java'
[2019-11-03T09:21:32Z] DEBUG    - Generate complete
[2019-11-03T09:21:32Z] WARNING  - Generated files for Spotinst::Elastigroup::Group
[2019-11-03T09:21:38Z] DEBUG    - Logging set up successfully
[2019-11-03T09:21:38Z] DEBUG    - Root directory: /Users/idan.kinory/Development/spotinst-uluru-provider/spotinst-elastigroup-group
[2019-11-03T09:21:38Z] DEBUG    - Loading project file '/Users/idan.kinory/Development/spotinst-uluru-provider/spotinst-elastigroup-group/.rpdk-config'
[2019-11-03T09:21:38Z] INFO     - Validating your resource specification...
[2019-11-03T09:21:39Z] DEBUG    - Resolved '#/definitions/Attribute' to 'file:///Users/idan.kinory/Development/spotinst-uluru-provider/spotinst-elastigroup-group/spotinst-elastigroup-group.json#/definitions/Attribute'
[2019-11-03T09:21:39Z] DEBUG    - Parsed 'file:///Users/idan.kinory/Development/spotinst-uluru-provider/spotinst-elastigroup-group/spotinst-elastigroup-group.json#/definitions/Attribute' to '(<BASE>, 'definitions', 'Attribute')'
[2019-11-03T09:21:39Z] DEBUG    - Edge from '(<BASE>, 'definitions', 'ecs', 'properties', 'autoScale', 'properties', 'attributes', 'items')' to '(<BASE>, 'definitions', 'Attribute')'
[2019-11-03T09:21:39Z] DEBUG    - Resolved '#/definitions/Tag' to 'file:///Users/idan.kinory/Development/spotinst-uluru-provider/spotinst-elastigroup-group/spotinst-elastigroup-group.json#/definitions/Tag'
[2019-11-03T09:21:39Z] DEBUG    - Parsed 'file:///Users/idan.kinory/Development/spotinst-uluru-provider/spotinst-elastigroup-group/spotinst-elastigroup-group.json#/definitions/Tag' to '(<BASE>, 'definitions', 'Tag')'
[2019-11-03T09:21:39Z] DEBUG    - Edge from '(<BASE>, 'properties', 'group', 'properties', 'compute', 'properties', 'launchSpecification', 'properties', 'tags', 'items')' to '(<BASE>, 'definitions', 'Tag')'
[2019-11-03T09:21:39Z] DEBUG    - Resolved '#/definitions/BlockDeviceMapping' to 'file:///Users/idan.kinory/Development/spotinst-uluru-provider/spotinst-elastigroup-group/spotinst-elastigroup-group.json#/definitions/BlockDeviceMapping'
[2019-11-03T09:21:39Z] DEBUG    - Parsed 'file:///Users/idan.kinory/Development/spotinst-uluru-provider/spotinst-elastigroup-group/spotinst-elastigroup-group.json#/definitions/BlockDeviceMapping' to '(<BASE>, 'definitions', 'BlockDeviceMapping')'
[2019-11-03T09:21:39Z] DEBUG    - Edge from '(<BASE>, 'properties', 'group', 'properties', 'compute', 'properties', 'launchSpecification', 'properties', 'blockDeviceMappings', 'items')' to '(<BASE>, 'definitions', 'BlockDeviceMapping')'
[2019-11-03T09:21:39Z] DEBUG    - Resolved '#/definitions/ScalingPolicy' to 'file:///Users/idan.kinory/Development/spotinst-uluru-provider/spotinst-elastigroup-group/spotinst-elastigroup-group.json#/definitions/ScalingPolicy'
[2019-11-03T09:21:39Z] DEBUG    - Parsed 'file:///Users/idan.kinory/Development/spotinst-uluru-provider/spotinst-elastigroup-group/spotinst-elastigroup-group.json#/definitions/ScalingPolicy' to '(<BASE>, 'definitions', 'ScalingPolicy')'
[2019-11-03T09:21:39Z] DEBUG    - Edge from '(<BASE>, 'properties', 'group', 'properties', 'scaling', 'properties', 'up', 'items')' to '(<BASE>, 'definitions', 'ScalingPolicy')'
[2019-11-03T09:21:39Z] DEBUG    - Resolved '#/definitions/ScalingPolicy' to 'file:///Users/idan.kinory/Development/spotinst-uluru-provider/spotinst-elastigroup-group/spotinst-elastigroup-group.json#/definitions/ScalingPolicy'
[2019-11-03T09:21:39Z] DEBUG    - Parsed 'file:///Users/idan.kinory/Development/spotinst-uluru-provider/spotinst-elastigroup-group/spotinst-elastigroup-group.json#/definitions/ScalingPolicy' to '(<BASE>, 'definitions', 'ScalingPolicy')'
[2019-11-03T09:21:39Z] DEBUG    - Edge from '(<BASE>, 'properties', 'group', 'properties', 'scaling', 'properties', 'down', 'items')' to '(<BASE>, 'definitions', 'ScalingPolicy')'
[2019-11-03T09:21:39Z] DEBUG    - Resolved '#/definitions/ecs' to 'file:///Users/idan.kinory/Development/spotinst-uluru-provider/spotinst-elastigroup-group/spotinst-elastigroup-group.json#/definitions/ecs'
[2019-11-03T09:21:39Z] DEBUG    - Parsed 'file:///Users/idan.kinory/Development/spotinst-uluru-provider/spotinst-elastigroup-group/spotinst-elastigroup-group.json#/definitions/ecs' to '(<BASE>, 'definitions', 'ecs')'
[2019-11-03T09:21:39Z] DEBUG    - Edge from '(<BASE>, 'properties', 'group', 'properties', 'thirdPartiesIntegration', 'properties', 'ecs')' to '(<BASE>, 'definitions', 'ecs')'
[2019-11-03T09:21:39Z] DEBUG    - Already visited '(<BASE>, 'definitions', 'ecs', 'properties', 'autoScale', 'properties', 'attributes', 'items')' (#/definitions/Attribute)
[2019-11-03T09:21:39Z] DEBUG    - Resolved '#/definitions/Task' to 'file:///Users/idan.kinory/Development/spotinst-uluru-provider/spotinst-elastigroup-group/spotinst-elastigroup-group.json#/definitions/Task'
[2019-11-03T09:21:39Z] DEBUG    - Parsed 'file:///Users/idan.kinory/Development/spotinst-uluru-provider/spotinst-elastigroup-group/spotinst-elastigroup-group.json#/definitions/Task' to '(<BASE>, 'definitions', 'Task')'
[2019-11-03T09:21:39Z] DEBUG    - Edge from '(<BASE>, 'properties', 'group', 'properties', 'scheduling', 'properties', 'tasks', 'items')' to '(<BASE>, 'definitions', 'Task')'
[2019-11-03T09:21:39Z] DEBUG    - Rewriting refs in '<BASE>' (file:///Users/idan.kinory/Development/spotinst-uluru-provider/spotinst-elastigroup-group/spotinst-elastigroup-group.json)
[2019-11-03T09:21:39Z] DEBUG    -   '#/definitions/Attribute' -> '#/definitions/Attribute'
[2019-11-03T09:21:39Z] DEBUG    -   '#/definitions/Tag' -> '#/definitions/Tag'
[2019-11-03T09:21:39Z] DEBUG    -   '#/definitions/BlockDeviceMapping' -> '#/definitions/BlockDeviceMapping'
[2019-11-03T09:21:39Z] DEBUG    -   '#/definitions/ScalingPolicy' -> '#/definitions/ScalingPolicy'
[2019-11-03T09:21:39Z] DEBUG    -   '#/definitions/ScalingPolicy' -> '#/definitions/ScalingPolicy'
[2019-11-03T09:21:39Z] DEBUG    -   '#/definitions/ecs' -> '#/definitions/ecs'
[2019-11-03T09:21:39Z] DEBUG    -   '#/definitions/Task' -> '#/definitions/Task'
[2019-11-03T09:21:39Z] DEBUG    - Generate started
[2019-11-03T09:21:39Z] DEBUG    - Removing generated sources: /Users/idan.kinory/Development/spotinst-uluru-provider/spotinst-elastigroup-group/target/generated-sources/rpdk
[2019-11-03T09:21:39Z] DEBUG    - Removing generated tests: /Users/idan.kinory/Development/spotinst-uluru-provider/spotinst-elastigroup-group/target/generated-test-sources/rpdk
[2019-11-03T09:21:39Z] DEBUG    - Making generated folder structure: /Users/idan.kinory/Development/spotinst-uluru-provider/spotinst-elastigroup-group/target/generated-sources/rpdk/com/spotinst/elastigroup/group
[2019-11-03T09:21:39Z] DEBUG    - Making generated tests folder structure: /Users/idan.kinory/Development/spotinst-uluru-provider/spotinst-elastigroup-group/target/generated-test-sources/rpdk/com/spotinst/elastigroup/group
[2019-11-03T09:21:39Z] DEBUG    - Writing handler wrapper: /Users/idan.kinory/Development/spotinst-uluru-provider/spotinst-elastigroup-group/target/generated-sources/rpdk/com/spotinst/elastigroup/group/HandlerWrapper.java
[2019-11-03T09:21:39Z] DEBUG    - Overwriting '/Users/idan.kinory/Development/spotinst-uluru-provider/spotinst-elastigroup-group/target/generated-sources/rpdk/com/spotinst/elastigroup/group/HandlerWrapper.java'
[2019-11-03T09:21:39Z] DEBUG    - Writing base configuration: /Users/idan.kinory/Development/spotinst-uluru-provider/spotinst-elastigroup-group/target/generated-sources/rpdk/com/spotinst/elastigroup/group/BaseConfiguration.java
[2019-11-03T09:21:39Z] DEBUG    - Overwriting '/Users/idan.kinory/Development/spotinst-uluru-provider/spotinst-elastigroup-group/target/generated-sources/rpdk/com/spotinst/elastigroup/group/BaseConfiguration.java'
[2019-11-03T09:21:39Z] DEBUG    - Writing base handler: /Users/idan.kinory/Development/spotinst-uluru-provider/spotinst-elastigroup-group/target/generated-sources/rpdk/com/spotinst/elastigroup/group/BaseHandler.java
[2019-11-03T09:21:39Z] DEBUG    - Overwriting '/Users/idan.kinory/Development/spotinst-uluru-provider/spotinst-elastigroup-group/target/generated-sources/rpdk/com/spotinst/elastigroup/group/BaseHandler.java'
[2019-11-03T09:21:39Z] DEBUG    - Writing 28 POJOs
[2019-11-03T09:21:39Z] DEBUG    - ResourceModel POJO: /Users/idan.kinory/Development/spotinst-uluru-provider/spotinst-elastigroup-group/target/generated-sources/rpdk/com/spotinst/elastigroup/group/ResourceModel.java
[2019-11-03T09:21:39Z] DEBUG    - Overwriting '/Users/idan.kinory/Development/spotinst-uluru-provider/spotinst-elastigroup-group/target/generated-sources/rpdk/com/spotinst/elastigroup/group/ResourceModel.java'
[2019-11-03T09:21:39Z] DEBUG    - Credentials POJO: /Users/idan.kinory/Development/spotinst-uluru-provider/spotinst-elastigroup-group/target/generated-sources/rpdk/com/spotinst/elastigroup/group/Credentials.java
[2019-11-03T09:21:39Z] DEBUG    - Overwriting '/Users/idan.kinory/Development/spotinst-uluru-provider/spotinst-elastigroup-group/target/generated-sources/rpdk/com/spotinst/elastigroup/group/Credentials.java'
[2019-11-03T09:21:39Z] DEBUG    - Group POJO: /Users/idan.kinory/Development/spotinst-uluru-provider/spotinst-elastigroup-group/target/generated-sources/rpdk/com/spotinst/elastigroup/group/Group.java
[2019-11-03T09:21:39Z] DEBUG    - Overwriting '/Users/idan.kinory/Development/spotinst-uluru-provider/spotinst-elastigroup-group/target/generated-sources/rpdk/com/spotinst/elastigroup/group/Group.java'
[2019-11-03T09:21:39Z] DEBUG    - Strategy POJO: /Users/idan.kinory/Development/spotinst-uluru-provider/spotinst-elastigroup-group/target/generated-sources/rpdk/com/spotinst/elastigroup/group/Strategy.java
[2019-11-03T09:21:39Z] DEBUG    - Overwriting '/Users/idan.kinory/Development/spotinst-uluru-provider/spotinst-elastigroup-group/target/generated-sources/rpdk/com/spotinst/elastigroup/group/Strategy.java'
[2019-11-03T09:21:39Z] DEBUG    - RevertToSpot POJO: /Users/idan.kinory/Development/spotinst-uluru-provider/spotinst-elastigroup-group/target/generated-sources/rpdk/com/spotinst/elastigroup/group/RevertToSpot.java
[2019-11-03T09:21:39Z] DEBUG    - Overwriting '/Users/idan.kinory/Development/spotinst-uluru-provider/spotinst-elastigroup-group/target/generated-sources/rpdk/com/spotinst/elastigroup/group/RevertToSpot.java'
[2019-11-03T09:21:39Z] DEBUG    - Compute POJO: /Users/idan.kinory/Development/spotinst-uluru-provider/spotinst-elastigroup-group/target/generated-sources/rpdk/com/spotinst/elastigroup/group/Compute.java
[2019-11-03T09:21:39Z] DEBUG    - Overwriting '/Users/idan.kinory/Development/spotinst-uluru-provider/spotinst-elastigroup-group/target/generated-sources/rpdk/com/spotinst/elastigroup/group/Compute.java'
[2019-11-03T09:21:39Z] DEBUG    - InstanceTypes POJO: /Users/idan.kinory/Development/spotinst-uluru-provider/spotinst-elastigroup-group/target/generated-sources/rpdk/com/spotinst/elastigroup/group/InstanceTypes.java
[2019-11-03T09:21:39Z] DEBUG    - Overwriting '/Users/idan.kinory/Development/spotinst-uluru-provider/spotinst-elastigroup-group/target/generated-sources/rpdk/com/spotinst/elastigroup/group/InstanceTypes.java'
[2019-11-03T09:21:39Z] DEBUG    - AvailabilityZones POJO: /Users/idan.kinory/Development/spotinst-uluru-provider/spotinst-elastigroup-group/target/generated-sources/rpdk/com/spotinst/elastigroup/group/AvailabilityZones.java
[2019-11-03T09:21:39Z] DEBUG    - Overwriting '/Users/idan.kinory/Development/spotinst-uluru-provider/spotinst-elastigroup-group/target/generated-sources/rpdk/com/spotinst/elastigroup/group/AvailabilityZones.java'
[2019-11-03T09:21:39Z] DEBUG    - LaunchSpecification POJO: /Users/idan.kinory/Development/spotinst-uluru-provider/spotinst-elastigroup-group/target/generated-sources/rpdk/com/spotinst/elastigroup/group/LaunchSpecification.java
[2019-11-03T09:21:39Z] DEBUG    - Overwriting '/Users/idan.kinory/Development/spotinst-uluru-provider/spotinst-elastigroup-group/target/generated-sources/rpdk/com/spotinst/elastigroup/group/LaunchSpecification.java'
[2019-11-03T09:21:39Z] DEBUG    - Tag POJO: /Users/idan.kinory/Development/spotinst-uluru-provider/spotinst-elastigroup-group/target/generated-sources/rpdk/com/spotinst/elastigroup/group/Tag.java
[2019-11-03T09:21:39Z] DEBUG    - Overwriting '/Users/idan.kinory/Development/spotinst-uluru-provider/spotinst-elastigroup-group/target/generated-sources/rpdk/com/spotinst/elastigroup/group/Tag.java'
[2019-11-03T09:21:39Z] DEBUG    - BlockDeviceMapping POJO: /Users/idan.kinory/Development/spotinst-uluru-provider/spotinst-elastigroup-group/target/generated-sources/rpdk/com/spotinst/elastigroup/group/BlockDeviceMapping.java
[2019-11-03T09:21:39Z] DEBUG    - Overwriting '/Users/idan.kinory/Development/spotinst-uluru-provider/spotinst-elastigroup-group/target/generated-sources/rpdk/com/spotinst/elastigroup/group/BlockDeviceMapping.java'
[2019-11-03T09:21:39Z] DEBUG    - Ebs POJO: /Users/idan.kinory/Development/spotinst-uluru-provider/spotinst-elastigroup-group/target/generated-sources/rpdk/com/spotinst/elastigroup/group/Ebs.java
[2019-11-03T09:21:39Z] DEBUG    - Overwriting '/Users/idan.kinory/Development/spotinst-uluru-provider/spotinst-elastigroup-group/target/generated-sources/rpdk/com/spotinst/elastigroup/group/Ebs.java'
[2019-11-03T09:21:39Z] DEBUG    - IamRole POJO: /Users/idan.kinory/Development/spotinst-uluru-provider/spotinst-elastigroup-group/target/generated-sources/rpdk/com/spotinst/elastigroup/group/IamRole.java
[2019-11-03T09:21:39Z] DEBUG    - Overwriting '/Users/idan.kinory/Development/spotinst-uluru-provider/spotinst-elastigroup-group/target/generated-sources/rpdk/com/spotinst/elastigroup/group/IamRole.java'
[2019-11-03T09:21:39Z] DEBUG    - Capacity POJO: /Users/idan.kinory/Development/spotinst-uluru-provider/spotinst-elastigroup-group/target/generated-sources/rpdk/com/spotinst/elastigroup/group/Capacity.java
[2019-11-03T09:21:39Z] DEBUG    - Overwriting '/Users/idan.kinory/Development/spotinst-uluru-provider/spotinst-elastigroup-group/target/generated-sources/rpdk/com/spotinst/elastigroup/group/Capacity.java'
[2019-11-03T09:21:39Z] DEBUG    - Scaling POJO: /Users/idan.kinory/Development/spotinst-uluru-provider/spotinst-elastigroup-group/target/generated-sources/rpdk/com/spotinst/elastigroup/group/Scaling.java
[2019-11-03T09:21:39Z] DEBUG    - Overwriting '/Users/idan.kinory/Development/spotinst-uluru-provider/spotinst-elastigroup-group/target/generated-sources/rpdk/com/spotinst/elastigroup/group/Scaling.java'
[2019-11-03T09:21:39Z] DEBUG    - ScalingPolicy POJO: /Users/idan.kinory/Development/spotinst-uluru-provider/spotinst-elastigroup-group/target/generated-sources/rpdk/com/spotinst/elastigroup/group/ScalingPolicy.java
[2019-11-03T09:21:39Z] DEBUG    - Overwriting '/Users/idan.kinory/Development/spotinst-uluru-provider/spotinst-elastigroup-group/target/generated-sources/rpdk/com/spotinst/elastigroup/group/ScalingPolicy.java'
[2019-11-03T09:21:39Z] DEBUG    - Dimension POJO: /Users/idan.kinory/Development/spotinst-uluru-provider/spotinst-elastigroup-group/target/generated-sources/rpdk/com/spotinst/elastigroup/group/Dimension.java
[2019-11-03T09:21:39Z] DEBUG    - Overwriting '/Users/idan.kinory/Development/spotinst-uluru-provider/spotinst-elastigroup-group/target/generated-sources/rpdk/com/spotinst/elastigroup/group/Dimension.java'
[2019-11-03T09:21:39Z] DEBUG    - Action POJO: /Users/idan.kinory/Development/spotinst-uluru-provider/spotinst-elastigroup-group/target/generated-sources/rpdk/com/spotinst/elastigroup/group/Action.java
[2019-11-03T09:21:39Z] DEBUG    - Overwriting '/Users/idan.kinory/Development/spotinst-uluru-provider/spotinst-elastigroup-group/target/generated-sources/rpdk/com/spotinst/elastigroup/group/Action.java'
[2019-11-03T09:21:39Z] DEBUG    - ThirdPartiesIntegration POJO: /Users/idan.kinory/Development/spotinst-uluru-provider/spotinst-elastigroup-group/target/generated-sources/rpdk/com/spotinst/elastigroup/group/ThirdPartiesIntegration.java
[2019-11-03T09:21:39Z] DEBUG    - Overwriting '/Users/idan.kinory/Development/spotinst-uluru-provider/spotinst-elastigroup-group/target/generated-sources/rpdk/com/spotinst/elastigroup/group/ThirdPartiesIntegration.java'
[2019-11-03T09:21:39Z] DEBUG    - Ecs POJO: /Users/idan.kinory/Development/spotinst-uluru-provider/spotinst-elastigroup-group/target/generated-sources/rpdk/com/spotinst/elastigroup/group/Ecs.java
[2019-11-03T09:21:39Z] DEBUG    - Overwriting '/Users/idan.kinory/Development/spotinst-uluru-provider/spotinst-elastigroup-group/target/generated-sources/rpdk/com/spotinst/elastigroup/group/Ecs.java'
[2019-11-03T09:21:39Z] DEBUG    - AutoScale POJO: /Users/idan.kinory/Development/spotinst-uluru-provider/spotinst-elastigroup-group/target/generated-sources/rpdk/com/spotinst/elastigroup/group/AutoScale.java
[2019-11-03T09:21:39Z] DEBUG    - Overwriting '/Users/idan.kinory/Development/spotinst-uluru-provider/spotinst-elastigroup-group/target/generated-sources/rpdk/com/spotinst/elastigroup/group/AutoScale.java'
[2019-11-03T09:21:39Z] DEBUG    - Headroom POJO: /Users/idan.kinory/Development/spotinst-uluru-provider/spotinst-elastigroup-group/target/generated-sources/rpdk/com/spotinst/elastigroup/group/Headroom.java
[2019-11-03T09:21:39Z] DEBUG    - Overwriting '/Users/idan.kinory/Development/spotinst-uluru-provider/spotinst-elastigroup-group/target/generated-sources/rpdk/com/spotinst/elastigroup/group/Headroom.java'
[2019-11-03T09:21:39Z] DEBUG    - Down POJO: /Users/idan.kinory/Development/spotinst-uluru-provider/spotinst-elastigroup-group/target/generated-sources/rpdk/com/spotinst/elastigroup/group/Down.java
[2019-11-03T09:21:39Z] DEBUG    - Overwriting '/Users/idan.kinory/Development/spotinst-uluru-provider/spotinst-elastigroup-group/target/generated-sources/rpdk/com/spotinst/elastigroup/group/Down.java'
[2019-11-03T09:21:39Z] DEBUG    - Attribute POJO: /Users/idan.kinory/Development/spotinst-uluru-provider/spotinst-elastigroup-group/target/generated-sources/rpdk/com/spotinst/elastigroup/group/Attribute.java
[2019-11-03T09:21:39Z] DEBUG    - Overwriting '/Users/idan.kinory/Development/spotinst-uluru-provider/spotinst-elastigroup-group/target/generated-sources/rpdk/com/spotinst/elastigroup/group/Attribute.java'
[2019-11-03T09:21:39Z] DEBUG    - Batch POJO: /Users/idan.kinory/Development/spotinst-uluru-provider/spotinst-elastigroup-group/target/generated-sources/rpdk/com/spotinst/elastigroup/group/Batch.java
[2019-11-03T09:21:39Z] DEBUG    - Overwriting '/Users/idan.kinory/Development/spotinst-uluru-provider/spotinst-elastigroup-group/target/generated-sources/rpdk/com/spotinst/elastigroup/group/Batch.java'
[2019-11-03T09:21:39Z] DEBUG    - OptimizeImages POJO: /Users/idan.kinory/Development/spotinst-uluru-provider/spotinst-elastigroup-group/target/generated-sources/rpdk/com/spotinst/elastigroup/group/OptimizeImages.java
[2019-11-03T09:21:39Z] DEBUG    - Overwriting '/Users/idan.kinory/Development/spotinst-uluru-provider/spotinst-elastigroup-group/target/generated-sources/rpdk/com/spotinst/elastigroup/group/OptimizeImages.java'
[2019-11-03T09:21:39Z] DEBUG    - Scheduling POJO: /Users/idan.kinory/Development/spotinst-uluru-provider/spotinst-elastigroup-group/target/generated-sources/rpdk/com/spotinst/elastigroup/group/Scheduling.java
[2019-11-03T09:21:39Z] DEBUG    - Overwriting '/Users/idan.kinory/Development/spotinst-uluru-provider/spotinst-elastigroup-group/target/generated-sources/rpdk/com/spotinst/elastigroup/group/Scheduling.java'
[2019-11-03T09:21:39Z] DEBUG    - Task POJO: /Users/idan.kinory/Development/spotinst-uluru-provider/spotinst-elastigroup-group/target/generated-sources/rpdk/com/spotinst/elastigroup/group/Task.java
[2019-11-03T09:21:39Z] DEBUG    - Overwriting '/Users/idan.kinory/Development/spotinst-uluru-provider/spotinst-elastigroup-group/target/generated-sources/rpdk/com/spotinst/elastigroup/group/Task.java'
[2019-11-03T09:21:39Z] DEBUG    - Writing ResourceModelTest: /Users/idan.kinory/Development/spotinst-uluru-provider/spotinst-elastigroup-group/target/generated-test-sources/rpdk/com/spotinst/elastigroup/group/ResourceModelTest.java
[2019-11-03T09:21:39Z] DEBUG    - Overwriting '/Users/idan.kinory/Development/spotinst-uluru-provider/spotinst-elastigroup-group/target/generated-test-sources/rpdk/com/spotinst/elastigroup/group/ResourceModelTest.java'
[2019-11-03T09:21:39Z] DEBUG    - Generate complete
[2019-11-03T09:21:39Z] WARNING  - Generated files for Spotinst::Elastigroup::Group
